<?xml version="1.0" encoding="UTF-8"?>
<testsuite name="Tutorial6_Inheritance" tests="1" skipped="0" failures="0" errors="0" timestamp="2022-07-16T08:03:06" hostname="realbrothers.local" time="0.04">
  <properties/>
  <testcase name="역직렬화 시점에 다형성 적용하기 - @JsonTypeInfo, @JsonSubTypes를 Super 클래스에 적용하기" classname="Tutorial6_Inheritance" time="0.04"/>
  <system-out><![CDATA[]]></system-out>
  <system-err><![CDATA[]]></system-err>
</testsuite>
